Determining if the pthread_create exist failed with the following output:
Change Dir: /home/zqq/catkin_ws/src/beginner_tutorials/build/CMakeFiles/CMakeTmp

Run Build Command:/usr/bin/make "cmTryCompileExec1050528369/fast"
/usr/bin/make -f CMakeFiles/cmTryCompileExec1050528369.dir/build.make CMakeFiles/cmTryCompileExec1050528369.dir/build
make[1]: Entering directory `/home/zqq/catkin_ws/src/beginner_tutorials/build/CMakeFiles/CMakeTmp'
/usr/bin/cmake -E cmake_progress_report /home/zqq/catkin_ws/src/beginner_tutorials/build/CMakeFiles/CMakeTmp/CMakeFiles 1
Building C object CMakeFiles/cmTryCompileExec1050528369.dir/CheckSymbolExists.c.o
/usr/bin/cc    -o CMakeFiles/cmTryCompileExec1050528369.dir/CheckSymbolExists.c.o   -c /home/zqq/catkin_ws/src/beginner_tutorials/build/CMakeFiles/CMakeTmp/CheckSymbolExists.c
Linking C executable cmTryCompileExec1050528369
/usr/bin/cmake -E cmake_link_script CMakeFiles/cmTryCompileExec1050528369.dir/link.txt --verbose=1
/usr/bin/cc       CMakeFiles/cmTryCompileExec1050528369.dir/CheckSymbolExists.c.o  -o cmTryCompileExec1050528369 -rdynamic 
CMakeFiles/cmTryCompileExec1050528369.dir/CheckSymbolExists.c.o: In function `main':
CheckSymbolExists.c:(.text+0x16): undefined reference to `pthread_create'
collect2: error: ld returned 1 exit status
make[1]: Leaving directory `/home/zqq/catkin_ws/src/beginner_tutorials/build/CMakeFiles/CMakeTmp'
make[1]: *** [cmTryCompileExec1050528369] Error 1
make: *** [cmTryCompileExec1050528369/fast] Error 2

File /home/zqq/catkin_ws/src/beginner_tutorials/build/CMakeFiles/CMakeTmp/CheckSymbolExists.c:
/* */
#include <pthread.h>

int main(int argc, char** argv)
{
  (void)argv;
#ifndef pthread_create
  return ((int*)(&pthread_create))[argc];
#else
  (void)argc;
  return 0;
#endif
}

Determining if the function pthread_create exists in the pthreads failed with the following output:
Change Dir: /home/zqq/catkin_ws/src/beginner_tutorials/build/CMakeFiles/CMakeTmp

Run Build Command:/usr/bin/make "cmTryCompileExec3960178946/fast"
/usr/bin/make -f CMakeFiles/cmTryCompileExec3960178946.dir/build.make CMakeFiles/cmTryCompileExec3960178946.dir/build
make[1]: Entering directory `/home/zqq/catkin_ws/src/beginner_tutorials/build/CMakeFiles/CMakeTmp'
/usr/bin/cmake -E cmake_progress_report /home/zqq/catkin_ws/src/beginner_tutorials/build/CMakeFiles/CMakeTmp/CMakeFiles 1
Building C object CMakeFiles/cmTryCompileExec3960178946.dir/CheckFunctionExists.c.o
/usr/bin/cc   -DCHECK_FUNCTION_EXISTS=pthread_create   -o CMakeFiles/cmTryCompileExec3960178946.dir/CheckFunctionExists.c.o   -c /usr/share/cmake-2.8/Modules/CheckFunctionExists.c
Linking C executable cmTryCompileExec3960178946
/usr/bin/cmake -E cmake_link_script CMakeFiles/cmTryCompileExec3960178946.dir/link.txt --verbose=1
/usr/bin/cc   -DCHECK_FUNCTION_EXISTS=pthread_create    CMakeFiles/cmTryCompileExec3960178946.dir/CheckFunctionExists.c.o  -o cmTryCompileExec3960178946 -rdynamic -lpthreads 
/usr/bin/ld: cannot find -lpthreads
collect2: error: ld returned 1 exit status
make[1]: Leaving directory `/home/zqq/catkin_ws/src/beginner_tutorials/build/CMakeFiles/CMakeTmp'
make[1]: *** [cmTryCompileExec3960178946] Error 1
make: *** [cmTryCompileExec3960178946/fast] Error 2


